c:\users\emre\onedrive - boun.edu.tr\ders kitaplarım\ie\ie 201 c++\proje\proje oyun\sky wars\debug\vc140.pdb
c:\users\emre\onedrive - boun.edu.tr\ders kitaplarım\ie\ie 201 c++\proje\proje oyun\sky wars\debug\vc140.idb
c:\users\emre\onedrive - boun.edu.tr\ders kitaplarım\ie\ie 201 c++\proje\proje oyun\sky wars\debug\soldier.obj
c:\users\emre\onedrive - boun.edu.tr\ders kitaplarım\ie\ie 201 c++\proje\proje oyun\sky wars\debug\shots.obj
c:\users\emre\onedrive - boun.edu.tr\ders kitaplarım\ie\ie 201 c++\proje\proje oyun\sky wars\debug\jet.obj
c:\users\emre\onedrive - boun.edu.tr\ders kitaplarım\ie\ie 201 c++\proje\proje oyun\sky wars\debug\normal.obj
c:\users\emre\onedrive - boun.edu.tr\ders kitaplarım\ie\ie 201 c++\proje\proje oyun\sky wars\debug\plane.obj
c:\users\emre\onedrive - boun.edu.tr\ders kitaplarım\ie\ie 201 c++\proje\proje oyun\sky wars\debug\odevson.obj
c:\users\emre\onedrive - boun.edu.tr\ders kitaplarım\ie\ie 201 c++\proje\proje oyun\sky wars\debug\manager.obj
c:\users\emre\onedrive - boun.edu.tr\ders kitaplarım\ie\ie 201 c++\proje\proje oyun\sky wars\debug\console.obj
c:\users\emre\onedrive - boun.edu.tr\ders kitaplarım\ie\ie 201 c++\proje\proje oyun\sky wars\debug\bullet.obj
c:\users\emre\onedrive - boun.edu.tr\ders kitaplarım\ie\ie 201 c++\proje\proje oyun\sky wars\debug\bomb.obj
c:\users\emre\onedrive - boun.edu.tr\ders kitaplarım\ie\ie 201 c++\proje\proje oyun\sky wars\debug\vc142.pdb
c:\users\emre\onedrive - boun.edu.tr\ders kitaplarım\ie\ie 201 c++\proje\proje oyun\sky wars\debug\vc142.idb
c:\users\emre\onedrive - boun.edu.tr\ders kitaplarım\ie\ie 201 c++\proje\proje oyun\sky wars\debug\bomb.sbr
c:\users\emre\onedrive - boun.edu.tr\ders kitaplarım\ie\ie 201 c++\proje\proje oyun\sky wars\debug\bullet.sbr
c:\users\emre\onedrive - boun.edu.tr\ders kitaplarım\ie\ie 201 c++\proje\proje oyun\sky wars\debug\console.sbr
c:\users\emre\onedrive - boun.edu.tr\ders kitaplarım\ie\ie 201 c++\proje\proje oyun\sky wars\debug\manager.sbr
c:\users\emre\onedrive - boun.edu.tr\ders kitaplarım\ie\ie 201 c++\proje\proje oyun\sky wars\debug\odevson.sbr
c:\users\emre\onedrive - boun.edu.tr\ders kitaplarım\ie\ie 201 c++\proje\proje oyun\sky wars\debug\plane.sbr
c:\users\emre\onedrive - boun.edu.tr\ders kitaplarım\ie\ie 201 c++\proje\proje oyun\sky wars\debug\normal.sbr
c:\users\emre\onedrive - boun.edu.tr\ders kitaplarım\ie\ie 201 c++\proje\proje oyun\sky wars\debug\jet.sbr
c:\users\emre\onedrive - boun.edu.tr\ders kitaplarım\ie\ie 201 c++\proje\proje oyun\sky wars\debug\shots.sbr
c:\users\emre\onedrive - boun.edu.tr\ders kitaplarım\ie\ie 201 c++\proje\proje oyun\sky wars\debug\soldier.sbr
c:\users\emre\onedrive - boun.edu.tr\ders kitaplarım\ie\ie 201 c++\proje\proje oyun\sky wars\debug\odevson.exe
c:\users\emre\onedrive - boun.edu.tr\ders kitaplarım\ie\ie 201 c++\proje\proje oyun\sky wars\debug\odevson.pdb
d:\github\sky-wars\proje\proje oyun\sky wars\debug\vc140.idb
d:\github\sky-wars\proje\proje oyun\sky wars\debug\vc142.idb
d:\github\sky-wars\proje\proje oyun\sky wars\debug\odevson.pdb
d:\github\sky-wars\proje\proje oyun\sky wars\debug\vc140.pdb
d:\github\sky-wars\proje\proje oyun\sky wars\debug\vc142.pdb
d:\github\sky-wars\proje\proje oyun\sky wars\debug\odevson.bsc
d:\github\sky-wars\proje\proje oyun\sky wars\.\debug\odevson.exe
d:\github\sky-wars\proje\proje oyun\sky wars\debug\odevson.tlog\bscmake.command.1.tlog
d:\github\sky-wars\proje\proje oyun\sky wars\debug\odevson.tlog\bscmake.read.1.tlog
d:\github\sky-wars\proje\proje oyun\sky wars\debug\odevson.tlog\cl.command.1.tlog
d:\github\sky-wars\proje\proje oyun\sky wars\debug\odevson.tlog\cl.read.1.tlog
d:\github\sky-wars\proje\proje oyun\sky wars\debug\odevson.tlog\cl.write.1.tlog
d:\github\sky-wars\proje\proje oyun\sky wars\debug\odevson.tlog\link.command.1.tlog
d:\github\sky-wars\proje\proje oyun\sky wars\debug\odevson.tlog\link.read.1.tlog
d:\github\sky-wars\proje\proje oyun\sky wars\debug\odevson.tlog\link.write.1.tlog
