C:\Program Files (x86)\Microsoft Visual Studio\2019\Community\MSBuild\Microsoft\VC\v160\Microsoft.CppBuild.targets(441,5): warning MSB8003: The WindowsSDKDir property is not defined. Some build tools may not be found.
C:\Program Files (x86)\Microsoft Visual Studio\2019\Community\MSBuild\Microsoft\VC\v160\Microsoft.CppBuild.targets(459,5): warning MSB8028: The intermediate directory (.\Debug\) contains files shared from another project (SkyWars.vcxproj).  This can lead to incorrect clean and rebuild behavior.
  Bomb.cpp
D:\GitHub\Sky-Wars\Proje\Proje Oyun\Sky Wars\console.h(4,10): fatal error C1083: Cannot open include file: 'conio.h': No such file or directory
  Bullet.cpp
D:\GitHub\Sky-Wars\Proje\Proje Oyun\Sky Wars\console.h(4,10): fatal error C1083: Cannot open include file: 'conio.h': No such file or directory
  Console.cpp
D:\GitHub\Sky-Wars\Proje\Proje Oyun\Sky Wars\console.h(4,10): fatal error C1083: Cannot open include file: 'conio.h': No such file or directory
  Manager.cpp
C:\Program Files (x86)\Microsoft Visual Studio\2019\Community\VC\Tools\MSVC\14.24.28314\include\yvals.h(12,10): fatal error C1083: Cannot open include file: 'crtdbg.h': No such file or directory
  odevSON.cpp
C:\Program Files (x86)\Microsoft Visual Studio\2019\Community\VC\Tools\MSVC\14.24.28314\include\yvals.h(12,10): fatal error C1083: Cannot open include file: 'crtdbg.h': No such file or directory
  Plane.cpp
D:\GitHub\Sky-Wars\Proje\Proje Oyun\Sky Wars\Plane.cpp(2,10): fatal error C1083: Cannot open include file: 'math.h': No such file or directory
  Normal.cpp
D:\GitHub\Sky-Wars\Proje\Proje Oyun\Sky Wars\console.h(4,10): fatal error C1083: Cannot open include file: 'conio.h': No such file or directory
  Jet.cpp
D:\GitHub\Sky-Wars\Proje\Proje Oyun\Sky Wars\console.h(4,10): fatal error C1083: Cannot open include file: 'conio.h': No such file or directory
  Shots.cpp
D:\GitHub\Sky-Wars\Proje\Proje Oyun\Sky Wars\Console.h(4,10): fatal error C1083: Cannot open include file: 'conio.h': No such file or directory
  Soldier.cpp
D:\GitHub\Sky-Wars\Proje\Proje Oyun\Sky Wars\console.h(4,10): fatal error C1083: Cannot open include file: 'conio.h': No such file or directory
  Generating Code...
